<?xml version="1.0" encoding="UTF-8"?>
<!-- Generated by org.testng.reporters.JUnitXMLReporter -->
<testsuite hostname="KieransPC" ignored="2" name="Example Test Group" tests="3" failures="0" timestamp="2020-07-31T18:50:40 IST" time="0.095" errors="0">
  <testcase name="test1" time="0.012" classname="com.whyte.test.GroupingExample"/>
  <testcase name="test2" time="0.002" classname="com.whyte.test.GroupingExample"/>
  <testcase name="test5" time="0.003" classname="com.whyte.test.GroupingExample"/>
  <testcase name="test4" time="0.0" classname="com.whyte.test.GroupingExample">
    <ignored/>
  </testcase> <!-- test4 -->
  <testcase name="test3" time="0.0" classname="com.whyte.test.GroupingExample">
    <ignored/>
  </testcase> <!-- test3 -->
</testsuite> <!-- Example Test Group -->
