<?xml version="1.0" encoding="UTF-8"?>
<!-- Generated by org.testng.reporters.JUnitXMLReporter -->
<testsuite hostname="KieransPC" ignored="0" name="Example Test 1" tests="4" failures="0" timestamp="2020-07-31T17:44:31 IST" time="0.102" errors="0">
  <testcase name="test1" time="0.01" classname="com.whyte.test.TC1"/>
  <testcase name="test2" time="0.002" classname="com.whyte.test.TC1"/>
  <testcase name="test3" time="0.002" classname="com.whyte.test.TC2"/>
  <testcase name="test4" time="0.006" classname="com.whyte.test.TC2"/>
</testsuite> <!-- Example Test 1 -->
