<?xml version="1.0" encoding="UTF-8"?>
<!-- Generated by org.testng.reporters.JUnitXMLReporter -->
<testsuite hostname="KieransPC" ignored="0" name="Example Test" tests="7" failures="0" timestamp="2020-08-01T18:18:43 IST" time="0.147" errors="0">
  <testcase name="setup" time="0.014" classname="com.whyte.test.FirstTestCase"/>
  <testcase name="login" time="0.003" classname="com.whyte.test.FirstTestCase"/>
  <testcase name="teardown" time="0.003" classname="com.whyte.test.FirstTestCase"/>
  <testcase name="setup" time="0.004" classname="com.whyte.test.SecondTestCase"/>
  <testcase name="searchCustomer" time="0.003" classname="com.whyte.test.SecondTestCase"/>
  <testcase name="addCustomer" time="0.004" classname="com.whyte.test.SecondTestCase"/>
  <testcase name="teardown" time="0.003" classname="com.whyte.test.SecondTestCase"/>
</testsuite> <!-- Example Test -->
